Using pre-set license
Built from '2021.1/release' branch; Version is '2021.1.0f1 (61a549675243) revision 6399305'; Using compiler version '192528614'; Build Type 'Release'
OS: 'Windows 10 Pro; OS build 18363.1441; Version 1909; 64bit' Language: 'ru' Physical Memory: 16332 MB
BatchMode: 1, IsHumanControllingUs: 0, StartBugReporterOnCrash: 0, Is64bit: 1, IsPro: 0

 COMMAND LINE ARGUMENTS:
G:\1\2021.1.0f1\Editor\Unity.exe
-adb2
-batchMode
-noUpm
-name
AssetImportWorker0
-projectPath
D:/LearnUnity/Test2D Project
-logFile
Logs/AssetImportWorker0.log
-srvPort
49911
Successfully changed project path to: D:/LearnUnity/Test2D Project
D:/LearnUnity/Test2D Project
Using Asset Import Pipeline V2.
Refreshing native plugins compatible for Editor in 44.77 ms, found 1 plugins.
Preloading 0 native plugins for Editor in 0.00 ms.
Initialize engine version: 2021.1.0f1 (61a549675243)
[Subsystems] Discovering subsystems at path G:/1/2021.1.0f1/Editor/Data/Resources/UnitySubsystems
[Subsystems] Discovering subsystems at path D:/LearnUnity/Test2D Project/Assets
GfxDevice: creating device client; threaded=0; jobified=0
Direct3D:
    Version:  Direct3D 11.0 [level 11.1]
    Renderer: Radeon RX 570 Series (ID=0x67df)
    Vendor:   ATI
    VRAM:     8171 MB
    Driver:   27.20.12029.1000
Initialize mono
Mono path[0] = 'G:/1/2021.1.0f1/Editor/Data/Managed'
Mono path[1] = 'G:/1/2021.1.0f1/Editor/Data/MonoBleedingEdge/lib/mono/unityjit'
Mono config path = 'G:/1/2021.1.0f1/Editor/Data/MonoBleedingEdge/etc'
Using monoOptions --debugger-agent=transport=dt_socket,embedding=1,server=y,suspend=n,address=127.0.0.1:56888
Begin MonoManager ReloadAssembly
Registering precompiled unity dll's ...
Register platform support module: G:/1/2021.1.0f1/Editor/Data/PlaybackEngines/WindowsStandaloneSupport/UnityEditor.WindowsStandalone.Extensions.dll
Registered in 0.002684 seconds.
Native extension for WindowsStandalone target not found
Refreshing native plugins compatible for Editor in 44.26 ms, found 1 plugins.
Preloading 0 native plugins for Editor in 0.00 ms.
Mono: successfully reloaded assembly
- Completed reload, in  1.938 seconds
Platform modules already initialized, skipping
Registering precompiled user dll's ...
Registered in 0.001118 seconds.
Begin MonoManager ReloadAssembly
Native extension for WindowsStandalone target not found
Refreshing native plugins compatible for Editor in 44.72 ms, found 1 plugins.
Preloading 0 native plugins for Editor in 0.01 ms.
Mono: successfully reloaded assembly
- Completed reload, in  1.910 seconds
Platform modules already initialized, skipping
========================================================================
Worker process is ready to serve import requests
Launched and connected shader compiler UnityShaderCompiler.exe after 0.08 seconds
Refreshing native plugins compatible for Editor in 0.41 ms, found 1 plugins.
Preloading 0 native plugins for Editor in 0.00 ms.
Unloading 1830 Unused Serialized files (Serialized files now loaded: 0)
System memory in use before: 86.7 MB.
System memory in use after: 86.8 MB.

Unloading 19 unused Assets to reduce memory usage. Loaded Objects now: 2292.
Total: 2.896946 ms (FindLiveObjects: 0.190876 ms CreateObjectMapping: 0.097149 ms MarkObjects: 2.459530 ms  DeleteObjects: 0.112444 ms)

========================================================================
Received Import Request.
  path: Assets/Animations/PlayerIdle.anim
  artifactKey: Guid(2769d48076a3ad540829e4572fe12854) Importer(815301076,1909f56bfc062723c751e8b465ee728b)
Start importing Assets/Animations/PlayerIdle.anim using Guid(2769d48076a3ad540829e4572fe12854) Importer(815301076,1909f56bfc062723c751e8b465ee728b)  -> (artifact id: 'f0b3f41029e4b651a4be645f7fee8d49') in 0.033915 seconds 
========================================================================
Received Import Request.
  Time since last request: 0.000201 seconds.
  path: Assets/Animations/PlayerHit.anim
  artifactKey: Guid(0153d215beb10ec49b286bad12e39de8) Importer(815301076,1909f56bfc062723c751e8b465ee728b)
Start importing Assets/Animations/PlayerHit.anim using Guid(0153d215beb10ec49b286bad12e39de8) Importer(815301076,1909f56bfc062723c751e8b465ee728b)  -> (artifact id: '70a565375503b88aca4acb1d03996dbc') in 0.003704 seconds 
========================================================================
Received Import Request.
  Time since last request: 2.485786 seconds.
  path: Assets/Animations/PlayerJump.anim
  artifactKey: Guid(bcba095d6f05e2d4fa803bb6161ebfcb) Importer(815301076,1909f56bfc062723c751e8b465ee728b)
Start importing Assets/Animations/PlayerJump.anim using Guid(bcba095d6f05e2d4fa803bb6161ebfcb) Importer(815301076,1909f56bfc062723c751e8b465ee728b)  -> (artifact id: 'f23594a2c37b2c8d76ed9cc57a3e6af7') in 0.003915 seconds 
========================================================================
Received Prepare
Registering precompiled user dll's ...
Registered in 0.001118 seconds.
Begin MonoManager ReloadAssembly
Native extension for WindowsStandalone target not found
Refreshing native plugins compatible for Editor in 0.61 ms, found 1 plugins.
Preloading 0 native plugins for Editor in 0.01 ms.
Mono: successfully reloaded assembly
- Completed reload, in  1.796 seconds
Platform modules already initialized, skipping
Refreshing native plugins compatible for Editor in 0.36 ms, found 1 plugins.
Preloading 0 native plugins for Editor in 0.00 ms.
Unloading 1820 Unused Serialized files (Serialized files now loaded: 0)
System memory in use before: 86.3 MB.
System memory in use after: 86.4 MB.

Unloading 8 unused Assets to reduce memory usage. Loaded Objects now: 2295.
Total: 2.159283 ms (FindLiveObjects: 0.161264 ms CreateObjectMapping: 0.043232 ms MarkObjects: 1.914419 ms  DeleteObjects: 0.015854 ms)

========================================================================
Received Prepare
Registering precompiled user dll's ...
Registered in 0.001338 seconds.
Begin MonoManager ReloadAssembly
Native extension for WindowsStandalone target not found
Refreshing native plugins compatible for Editor in 0.41 ms, found 1 plugins.
Preloading 0 native plugins for Editor in 0.01 ms.
Mono: successfully reloaded assembly
- Completed reload, in  1.646 seconds
Platform modules already initialized, skipping
Refreshing native plugins compatible for Editor in 0.41 ms, found 1 plugins.
Preloading 0 native plugins for Editor in 0.01 ms.
Unloading 1820 Unused Serialized files (Serialized files now loaded: 0)
System memory in use before: 86.3 MB.
System memory in use after: 86.4 MB.

Unloading 8 unused Assets to reduce memory usage. Loaded Objects now: 2298.
Total: 2.492984 ms (FindLiveObjects: 0.210222 ms CreateObjectMapping: 0.254781 ms MarkObjects: 1.985099 ms  DeleteObjects: 0.015365 ms)

========================================================================
Received Prepare
Registering precompiled user dll's ...
Registered in 0.001103 seconds.
Begin MonoManager ReloadAssembly
Native extension for WindowsStandalone target not found
Refreshing native plugins compatible for Editor in 0.40 ms, found 1 plugins.
Preloading 0 native plugins for Editor in 0.00 ms.
Mono: successfully reloaded assembly
- Completed reload, in  1.572 seconds
Platform modules already initialized, skipping
Refreshing native plugins compatible for Editor in 0.37 ms, found 1 plugins.
Preloading 0 native plugins for Editor in 0.01 ms.
Unloading 1820 Unused Serialized files (Serialized files now loaded: 0)
System memory in use before: 86.3 MB.
System memory in use after: 86.5 MB.

Unloading 8 unused Assets to reduce memory usage. Loaded Objects now: 2301.
Total: 2.228286 ms (FindLiveObjects: 0.176000 ms CreateObjectMapping: 0.046863 ms MarkObjects: 1.963518 ms  DeleteObjects: 0.014178 ms)

========================================================================
Received Import Request.
  Time since last request: 549.588761 seconds.
  path: Assets/Animations/Player.controller
  artifactKey: Guid(1483c268476b0424eb0d6c2321dfd6e4) Importer(815301076,1909f56bfc062723c751e8b465ee728b)
Start importing Assets/Animations/Player.controller using Guid(1483c268476b0424eb0d6c2321dfd6e4) Importer(815301076,1909f56bfc062723c751e8b465ee728b)  -> (artifact id: '795b43753500ec9eb1fe231a8e975029') in 0.022449 seconds 
========================================================================
Received Prepare
Registering precompiled user dll's ...
Registered in 0.001129 seconds.
Begin MonoManager ReloadAssembly
Native extension for WindowsStandalone target not found
Refreshing native plugins compatible for Editor in 0.45 ms, found 1 plugins.
Preloading 0 native plugins for Editor in 0.00 ms.
Mono: successfully reloaded assembly
- Completed reload, in  1.638 seconds
Platform modules already initialized, skipping
Refreshing native plugins compatible for Editor in 0.41 ms, found 1 plugins.
Preloading 0 native plugins for Editor in 0.00 ms.
Unloading 1820 Unused Serialized files (Serialized files now loaded: 0)
System memory in use before: 86.4 MB.
System memory in use after: 86.5 MB.

Unloading 8 unused Assets to reduce memory usage. Loaded Objects now: 2304.
Total: 2.428242 ms (FindLiveObjects: 0.297244 ms CreateObjectMapping: 0.047283 ms MarkObjects: 2.021207 ms  DeleteObjects: 0.019765 ms)

========================================================================
Received Prepare
Registering precompiled user dll's ...
Registered in 0.001086 seconds.
Begin MonoManager ReloadAssembly
Native extension for WindowsStandalone target not found
Refreshing native plugins compatible for Editor in 0.52 ms, found 1 plugins.
Preloading 0 native plugins for Editor in 0.00 ms.
Mono: successfully reloaded assembly
- Completed reload, in  1.566 seconds
Platform modules already initialized, skipping
Refreshing native plugins compatible for Editor in 0.37 ms, found 1 plugins.
Preloading 0 native plugins for Editor in 0.00 ms.
Unloading 1820 Unused Serialized files (Serialized files now loaded: 0)
System memory in use before: 86.4 MB.
System memory in use after: 86.5 MB.

Unloading 8 unused Assets to reduce memory usage. Loaded Objects now: 2307.
Total: 2.343664 ms (FindLiveObjects: 0.183543 ms CreateObjectMapping: 0.101340 ms MarkObjects: 2.009194 ms  DeleteObjects: 0.014737 ms)

========================================================================
Received Prepare
Registering precompiled user dll's ...
Registered in 0.001143 seconds.
Begin MonoManager ReloadAssembly
Native extension for WindowsStandalone target not found
Refreshing native plugins compatible for Editor in 0.43 ms, found 1 plugins.
Preloading 0 native plugins for Editor in 0.01 ms.
Mono: successfully reloaded assembly
- Completed reload, in  1.976 seconds
Platform modules already initialized, skipping
Refreshing native plugins compatible for Editor in 0.41 ms, found 1 plugins.
Preloading 0 native plugins for Editor in 0.00 ms.
Unloading 1820 Unused Serialized files (Serialized files now loaded: 0)
System memory in use before: 86.4 MB.
System memory in use after: 86.5 MB.

Unloading 8 unused Assets to reduce memory usage. Loaded Objects now: 2310.
Total: 2.377188 ms (FindLiveObjects: 0.173765 ms CreateObjectMapping: 0.047213 ms MarkObjects: 2.089511 ms  DeleteObjects: 0.018508 ms)

========================================================================
Received Prepare
Registering precompiled user dll's ...
Registered in 0.001091 seconds.
Begin MonoManager ReloadAssembly
Native extension for WindowsStandalone target not found
Refreshing native plugins compatible for Editor in 0.41 ms, found 1 plugins.
Preloading 0 native plugins for Editor in 0.00 ms.
Mono: successfully reloaded assembly
- Completed reload, in  1.603 seconds
Platform modules already initialized, skipping
Refreshing native plugins compatible for Editor in 0.40 ms, found 1 plugins.
Preloading 0 native plugins for Editor in 0.00 ms.
Unloading 1820 Unused Serialized files (Serialized files now loaded: 0)
System memory in use before: 86.4 MB.
System memory in use after: 86.5 MB.

Unloading 8 unused Assets to reduce memory usage. Loaded Objects now: 2313.
Total: 2.219207 ms (FindLiveObjects: 0.176489 ms CreateObjectMapping: 0.048610 ms MarkObjects: 1.931880 ms  DeleteObjects: 0.017600 ms)

========================================================================
Received Prepare
Registering precompiled user dll's ...
Registered in 0.001095 seconds.
Begin MonoManager ReloadAssembly
Native extension for WindowsStandalone target not found
Refreshing native plugins compatible for Editor in 0.42 ms, found 1 plugins.
Preloading 0 native plugins for Editor in 0.00 ms.
Mono: successfully reloaded assembly
- Completed reload, in  1.933 seconds
Platform modules already initialized, skipping
Refreshing native plugins compatible for Editor in 0.41 ms, found 1 plugins.
Preloading 0 native plugins for Editor in 0.01 ms.
Unloading 1820 Unused Serialized files (Serialized files now loaded: 0)
System memory in use before: 86.4 MB.
System memory in use after: 86.5 MB.

Unloading 8 unused Assets to reduce memory usage. Loaded Objects now: 2316.
Total: 2.816769 ms (FindLiveObjects: 0.435740 ms CreateObjectMapping: 0.206730 ms MarkObjects: 2.088743 ms  DeleteObjects: 0.025352 ms)

========================================================================
Received Prepare
Registering precompiled user dll's ...
Registered in 0.001165 seconds.
Begin MonoManager ReloadAssembly
Native extension for WindowsStandalone target not found
Refreshing native plugins compatible for Editor in 0.46 ms, found 1 plugins.
Preloading 0 native plugins for Editor in 0.01 ms.
Mono: successfully reloaded assembly
- Completed reload, in  1.962 seconds
Platform modules already initialized, skipping
Refreshing native plugins compatible for Editor in 0.39 ms, found 1 plugins.
Preloading 0 native plugins for Editor in 0.00 ms.
Unloading 1820 Unused Serialized files (Serialized files now loaded: 0)
System memory in use before: 86.4 MB.
System memory in use after: 86.5 MB.

Unloading 8 unused Assets to reduce memory usage. Loaded Objects now: 2319.
Total: 2.219905 ms (FindLiveObjects: 0.177537 ms CreateObjectMapping: 0.045886 ms MarkObjects: 1.952064 ms  DeleteObjects: 0.014457 ms)

========================================================================
Received Prepare
Registering precompiled user dll's ...
Registered in 0.001138 seconds.
Begin MonoManager ReloadAssembly
Native extension for WindowsStandalone target not found
Refreshing native plugins compatible for Editor in 0.42 ms, found 1 plugins.
Preloading 0 native plugins for Editor in 0.01 ms.
Mono: successfully reloaded assembly
- Completed reload, in  1.850 seconds
Platform modules already initialized, skipping
Refreshing native plugins compatible for Editor in 0.40 ms, found 1 plugins.
Preloading 0 native plugins for Editor in 0.00 ms.
Unloading 1820 Unused Serialized files (Serialized files now loaded: 0)
System memory in use before: 86.4 MB.
System memory in use after: 86.5 MB.

Unloading 8 unused Assets to reduce memory usage. Loaded Objects now: 2322.
Total: 2.210197 ms (FindLiveObjects: 0.176140 ms CreateObjectMapping: 0.046514 ms MarkObjects: 1.943753 ms  DeleteObjects: 0.013759 ms)

========================================================================
Received Prepare
Registering precompiled user dll's ...
Registered in 0.001105 seconds.
Begin MonoManager ReloadAssembly
Native extension for WindowsStandalone target not found
Refreshing native plugins compatible for Editor in 0.41 ms, found 1 plugins.
Preloading 0 native plugins for Editor in 0.00 ms.
Mono: successfully reloaded assembly
- Completed reload, in  1.606 seconds
Platform modules already initialized, skipping
Refreshing native plugins compatible for Editor in 0.38 ms, found 1 plugins.
Preloading 0 native plugins for Editor in 0.01 ms.
Unloading 1820 Unused Serialized files (Serialized files now loaded: 0)
System memory in use before: 86.4 MB.
System memory in use after: 86.5 MB.

Unloading 8 unused Assets to reduce memory usage. Loaded Objects now: 2325.
Total: 3.017562 ms (FindLiveObjects: 0.495664 ms CreateObjectMapping: 0.383568 ms MarkObjects: 2.072959 ms  DeleteObjects: 0.015295 ms)

========================================================================
Received Prepare
Registering precompiled user dll's ...
Registered in 0.001122 seconds.
Begin MonoManager ReloadAssembly
Native extension for WindowsStandalone target not found
Refreshing native plugins compatible for Editor in 0.42 ms, found 1 plugins.
Preloading 0 native plugins for Editor in 0.01 ms.
Mono: successfully reloaded assembly
- Completed reload, in  1.633 seconds
Platform modules already initialized, skipping
Refreshing native plugins compatible for Editor in 0.38 ms, found 1 plugins.
Preloading 0 native plugins for Editor in 0.00 ms.
Unloading 1820 Unused Serialized files (Serialized files now loaded: 0)
System memory in use before: 86.4 MB.
System memory in use after: 86.5 MB.

Unloading 8 unused Assets to reduce memory usage. Loaded Objects now: 2328.
Total: 2.465677 ms (FindLiveObjects: 0.181029 ms CreateObjectMapping: 0.050006 ms MarkObjects: 2.160959 ms  DeleteObjects: 0.020114 ms)

========================================================================
Received Prepare
Registering precompiled user dll's ...
Registered in 0.001078 seconds.
Begin MonoManager ReloadAssembly
Native extension for WindowsStandalone target not found
Refreshing native plugins compatible for Editor in 0.43 ms, found 1 plugins.
Preloading 0 native plugins for Editor in 0.00 ms.
Mono: successfully reloaded assembly
- Completed reload, in  1.637 seconds
Platform modules already initialized, skipping
Refreshing native plugins compatible for Editor in 0.37 ms, found 1 plugins.
Preloading 0 native plugins for Editor in 0.00 ms.
Unloading 1820 Unused Serialized files (Serialized files now loaded: 0)
System memory in use before: 86.4 MB.
System memory in use after: 86.5 MB.

Unloading 8 unused Assets to reduce memory usage. Loaded Objects now: 2331.
Total: 2.403518 ms (FindLiveObjects: 0.177397 ms CreateObjectMapping: 0.050076 ms MarkObjects: 2.123454 ms  DeleteObjects: 0.019905 ms)

========================================================================
Received Import Request.
  Time since last request: 2228.265325 seconds.
  path: Assets/Animations/Player.controller
  artifactKey: Guid(1483c268476b0424eb0d6c2321dfd6e4) Importer(815301076,1909f56bfc062723c751e8b465ee728b)
Start importing Assets/Animations/Player.controller using Guid(1483c268476b0424eb0d6c2321dfd6e4) Importer(815301076,1909f56bfc062723c751e8b465ee728b)  -> (artifact id: '091f6190263744b6291622d96fe6cf2a') in 0.021400 seconds 
========================================================================
Received Prepare
Registering precompiled user dll's ...
Registered in 0.001072 seconds.
Begin MonoManager ReloadAssembly
Native extension for WindowsStandalone target not found
Refreshing native plugins compatible for Editor in 0.59 ms, found 1 plugins.
Preloading 0 native plugins for Editor in 0.00 ms.
Mono: successfully reloaded assembly
- Completed reload, in  1.662 seconds
Platform modules already initialized, skipping
Refreshing native plugins compatible for Editor in 0.38 ms, found 1 plugins.
Preloading 0 native plugins for Editor in 0.00 ms.
Unloading 1820 Unused Serialized files (Serialized files now loaded: 0)
System memory in use before: 86.4 MB.
System memory in use after: 86.6 MB.

Unloading 8 unused Assets to reduce memory usage. Loaded Objects now: 2334.
Total: 2.329835 ms (FindLiveObjects: 0.180679 ms CreateObjectMapping: 0.049657 ms MarkObjects: 2.036991 ms  DeleteObjects: 0.020044 ms)

========================================================================
Received Prepare
Registering precompiled user dll's ...
Registered in 0.001109 seconds.
Begin MonoManager ReloadAssembly
Native extension for WindowsStandalone target not found
Refreshing native plugins compatible for Editor in 0.42 ms, found 1 plugins.
Preloading 0 native plugins for Editor in 0.00 ms.
Mono: successfully reloaded assembly
- Completed reload, in  1.894 seconds
Platform modules already initialized, skipping
Refreshing native plugins compatible for Editor in 0.41 ms, found 1 plugins.
Preloading 0 native plugins for Editor in 0.01 ms.
Unloading 1820 Unused Serialized files (Serialized files now loaded: 0)
System memory in use before: 86.5 MB.
System memory in use after: 86.6 MB.

Unloading 8 unused Assets to reduce memory usage. Loaded Objects now: 2337.
Total: 2.710959 ms (FindLiveObjects: 0.216717 ms CreateObjectMapping: 0.054895 ms MarkObjects: 2.351975 ms  DeleteObjects: 0.022000 ms)

========================================================================
Received Prepare
Registering precompiled user dll's ...
Registered in 0.001103 seconds.
Begin MonoManager ReloadAssembly
Native extension for WindowsStandalone target not found
Refreshing native plugins compatible for Editor in 0.41 ms, found 1 plugins.
Preloading 0 native plugins for Editor in 0.00 ms.
Mono: successfully reloaded assembly
- Completed reload, in  1.599 seconds
Platform modules already initialized, skipping
Refreshing native plugins compatible for Editor in 0.39 ms, found 1 plugins.
Preloading 0 native plugins for Editor in 0.00 ms.
Unloading 1820 Unused Serialized files (Serialized files now loaded: 0)
System memory in use before: 86.5 MB.
System memory in use after: 86.6 MB.

Unloading 8 unused Assets to reduce memory usage. Loaded Objects now: 2340.
Total: 2.472591 ms (FindLiveObjects: 0.175232 ms CreateObjectMapping: 0.055035 ms MarkObjects: 2.183029 ms  DeleteObjects: 0.014806 ms)

========================================================================
Received Prepare
Registering precompiled user dll's ...
Registered in 0.001329 seconds.
Begin MonoManager ReloadAssembly
Native extension for WindowsStandalone target not found
Refreshing native plugins compatible for Editor in 0.41 ms, found 1 plugins.
Preloading 0 native plugins for Editor in 0.00 ms.
Mono: successfully reloaded assembly
- Completed reload, in  1.871 seconds
Platform modules already initialized, skipping
Refreshing native plugins compatible for Editor in 0.38 ms, found 1 plugins.
Preloading 0 native plugins for Editor in 0.00 ms.
Unloading 1820 Unused Serialized files (Serialized files now loaded: 0)
System memory in use before: 86.5 MB.
System memory in use after: 86.6 MB.

Unloading 8 unused Assets to reduce memory usage. Loaded Objects now: 2343.
Total: 2.311886 ms (FindLiveObjects: 0.182495 ms CreateObjectMapping: 0.044070 ms MarkObjects: 2.044603 ms  DeleteObjects: 0.018019 ms)

========================================================================
Received Prepare
Registering precompiled user dll's ...
Registered in 0.001133 seconds.
Begin MonoManager ReloadAssembly
Native extension for WindowsStandalone target not found
Refreshing native plugins compatible for Editor in 0.42 ms, found 1 plugins.
Preloading 0 native plugins for Editor in 0.01 ms.
Mono: successfully reloaded assembly
- Completed reload, in  1.615 seconds
Platform modules already initialized, skipping
Refreshing native plugins compatible for Editor in 0.38 ms, found 1 plugins.
Preloading 0 native plugins for Editor in 0.01 ms.
Unloading 1820 Unused Serialized files (Serialized files now loaded: 0)
System memory in use before: 86.5 MB.
System memory in use after: 86.6 MB.

Unloading 8 unused Assets to reduce memory usage. Loaded Objects now: 2346.
Total: 2.370902 ms (FindLiveObjects: 0.177606 ms CreateObjectMapping: 0.067327 ms MarkObjects: 2.071842 ms  DeleteObjects: 0.019905 ms)

========================================================================
Received Prepare
Registering precompiled user dll's ...
Registered in 0.001088 seconds.
Begin MonoManager ReloadAssembly
Native extension for WindowsStandalone target not found
Refreshing native plugins compatible for Editor in 0.41 ms, found 1 plugins.
Preloading 0 native plugins for Editor in 0.00 ms.
Mono: successfully reloaded assembly
- Completed reload, in  1.688 seconds
Platform modules already initialized, skipping
Refreshing native plugins compatible for Editor in 0.38 ms, found 1 plugins.
Preloading 0 native plugins for Editor in 0.00 ms.
Unloading 1820 Unused Serialized files (Serialized files now loaded: 0)
System memory in use before: 86.5 MB.
System memory in use after: 86.6 MB.

Unloading 8 unused Assets to reduce memory usage. Loaded Objects now: 2349.
Total: 2.566667 ms (FindLiveObjects: 0.195625 ms CreateObjectMapping: 0.044908 ms MarkObjects: 2.239111 ms  DeleteObjects: 0.040019 ms)

========================================================================
Received Prepare
Registering precompiled user dll's ...
Registered in 0.001081 seconds.
Begin MonoManager ReloadAssembly
Native extension for WindowsStandalone target not found
Refreshing native plugins compatible for Editor in 0.40 ms, found 1 plugins.
Preloading 0 native plugins for Editor in 0.01 ms.
Mono: successfully reloaded assembly
- Completed reload, in  1.607 seconds
Platform modules already initialized, skipping
Refreshing native plugins compatible for Editor in 0.40 ms, found 1 plugins.
Preloading 0 native plugins for Editor in 0.00 ms.
Unloading 1820 Unused Serialized files (Serialized files now loaded: 0)
System memory in use before: 86.5 MB.
System memory in use after: 86.6 MB.

Unloading 8 unused Assets to reduce memory usage. Loaded Objects now: 2352.
Total: 2.322711 ms (FindLiveObjects: 0.186057 ms CreateObjectMapping: 0.052311 ms MarkObjects: 2.020019 ms  DeleteObjects: 0.020114 ms)

========================================================================
Received Prepare
Registering precompiled user dll's ...
Registered in 0.001070 seconds.
Begin MonoManager ReloadAssembly
Native extension for WindowsStandalone target not found
Refreshing native plugins compatible for Editor in 0.42 ms, found 1 plugins.
Preloading 0 native plugins for Editor in 0.01 ms.
Mono: successfully reloaded assembly
- Completed reload, in  1.816 seconds
Platform modules already initialized, skipping
Refreshing native plugins compatible for Editor in 0.40 ms, found 1 plugins.
Preloading 0 native plugins for Editor in 0.00 ms.
Unloading 1820 Unused Serialized files (Serialized files now loaded: 0)
System memory in use before: 86.5 MB.
System memory in use after: 86.6 MB.

Unloading 8 unused Assets to reduce memory usage. Loaded Objects now: 2355.
Total: 2.340591 ms (FindLiveObjects: 0.241581 ms CreateObjectMapping: 0.049308 ms MarkObjects: 1.995505 ms  DeleteObjects: 0.017460 ms)

========================================================================
Received Prepare
Registering precompiled user dll's ...
Registered in 0.001131 seconds.
Begin MonoManager ReloadAssembly
Native extension for WindowsStandalone target not found
Refreshing native plugins compatible for Editor in 0.40 ms, found 1 plugins.
Preloading 0 native plugins for Editor in 0.00 ms.
Mono: successfully reloaded assembly
- Completed reload, in  1.532 seconds
Platform modules already initialized, skipping
Refreshing native plugins compatible for Editor in 0.38 ms, found 1 plugins.
Preloading 0 native plugins for Editor in 0.00 ms.
Unloading 1820 Unused Serialized files (Serialized files now loaded: 0)
System memory in use before: 86.5 MB.
System memory in use after: 86.6 MB.

Unloading 8 unused Assets to reduce memory usage. Loaded Objects now: 2358.
Total: 2.328299 ms (FindLiveObjects: 0.176419 ms CreateObjectMapping: 0.052381 ms MarkObjects: 2.037061 ms  DeleteObjects: 0.015365 ms)

========================================================================
Received Import Request.
  Time since last request: 1763.631691 seconds.
  path: Assets/Sound.mixer
  artifactKey: Guid(df2c4f6cac6a43a46b5d207b57265642) Importer(815301076,1909f56bfc062723c751e8b465ee728b)
Start importing Assets/Sound.mixer using Guid(df2c4f6cac6a43a46b5d207b57265642) Importer(815301076,1909f56bfc062723c751e8b465ee728b)  -> (artifact id: 'd238f34ea1d0efcacaaaa5572f211f19') in 0.021003 seconds 
========================================================================
Received Import Request.
  Time since last request: 9.484741 seconds.
  path: Assets/MasterVolume.mixer
  artifactKey: Guid(df2c4f6cac6a43a46b5d207b57265642) Importer(815301076,1909f56bfc062723c751e8b465ee728b)
Start importing Assets/MasterVolume.mixer using Guid(df2c4f6cac6a43a46b5d207b57265642) Importer(815301076,1909f56bfc062723c751e8b465ee728b)  -> (artifact id: '84167dbe9809253938b175a50aa3e2a1') in 0.003752 seconds 
========================================================================
Received Import Request.
  Time since last request: 26.713244 seconds.
  path: Assets/SoundSignalize.mixer
  artifactKey: Guid(203b98b1f4fa7eb44a6485df51c007f2) Importer(815301076,1909f56bfc062723c751e8b465ee728b)
Start importing Assets/SoundSignalize.mixer using Guid(203b98b1f4fa7eb44a6485df51c007f2) Importer(815301076,1909f56bfc062723c751e8b465ee728b)  -> (artifact id: 'cc15cc567aea29023d9c9991ab253168') in 0.003866 seconds 
========================================================================
Received Import Request.
  Time since last request: 19.418034 seconds.
  path: Assets/MasterVolume.mixer
  artifactKey: Guid(df2c4f6cac6a43a46b5d207b57265642) Importer(815301076,1909f56bfc062723c751e8b465ee728b)
Start importing Assets/MasterVolume.mixer using Guid(df2c4f6cac6a43a46b5d207b57265642) Importer(815301076,1909f56bfc062723c751e8b465ee728b)  -> (artifact id: '949ee95f83c1c710f2eb2122af13769a') in 0.003587 seconds 
========================================================================
Received Import Request.
  Time since last request: 8.193954 seconds.
  path: Assets/MasterVolume.mixer
  artifactKey: Guid(df2c4f6cac6a43a46b5d207b57265642) Importer(815301076,1909f56bfc062723c751e8b465ee728b)
Start importing Assets/MasterVolume.mixer using Guid(df2c4f6cac6a43a46b5d207b57265642) Importer(815301076,1909f56bfc062723c751e8b465ee728b)  -> (artifact id: 'd015252cbb133cdf58f51d0bdc8f956c') in 0.003702 seconds 
========================================================================
Received Import Request.
  Time since last request: 273.167579 seconds.
  path: Assets/Sound
  artifactKey: Guid(b795a2af3c9b72e468765ccc1f1aa3ff) Importer(815301076,1909f56bfc062723c751e8b465ee728b)
Start importing Assets/Sound using Guid(b795a2af3c9b72e468765ccc1f1aa3ff) Importer(815301076,1909f56bfc062723c751e8b465ee728b)  -> (artifact id: '254d41b13d1ecbc7bb4d2deb83198d61') in 0.003036 seconds 
========================================================================
Received Import Request.
  Time since last request: 15.272168 seconds.
  path: Assets/Sound/87f6a412389aba1.mp3
  artifactKey: Guid(9c8326436c4d9594992662154c265ec5) Importer(815301076,1909f56bfc062723c751e8b465ee728b)
Start importing Assets/Sound/87f6a412389aba1.mp3 using Guid(9c8326436c4d9594992662154c265ec5) Importer(815301076,1909f56bfc062723c751e8b465ee728b)  -> (artifact id: 'fa85863c9291131fad6be2938355fcdc') in 0.192025 seconds 
========================================================================
Received Import Request.
  Time since last request: 20.050032 seconds.
  path: Assets/Sound/87f6a412389aba1.mp3
  artifactKey: Guid(9c8326436c4d9594992662154c265ec5) Importer(815301076,1909f56bfc062723c751e8b465ee728b)
Start importing Assets/Sound/87f6a412389aba1.mp3 using Guid(9c8326436c4d9594992662154c265ec5) Importer(815301076,1909f56bfc062723c751e8b465ee728b)  -> (artifact id: '963d13166c2976ce27bd1c2371195629') in 0.008874 seconds 
========================================================================
Received Prepare
Registering precompiled user dll's ...
Registered in 0.001170 seconds.
Begin MonoManager ReloadAssembly
Native extension for WindowsStandalone target not found
Refreshing native plugins compatible for Editor in 0.82 ms, found 1 plugins.
Preloading 0 native plugins for Editor in 0.01 ms.
Mono: successfully reloaded assembly
- Completed reload, in  2.193 seconds
Platform modules already initialized, skipping
Refreshing native plugins compatible for Editor in 0.54 ms, found 1 plugins.
Preloading 0 native plugins for Editor in 0.01 ms.
Unloading 1820 Unused Serialized files (Serialized files now loaded: 0)
System memory in use before: 90.3 MB.
System memory in use after: 90.4 MB.

Unloading 8 unused Assets to reduce memory usage. Loaded Objects now: 2370.
Total: 2.265791 ms (FindLiveObjects: 0.166222 ms CreateObjectMapping: 0.047702 ms MarkObjects: 1.999346 ms  DeleteObjects: 0.017181 ms)

========================================================================
Received Prepare
Registering precompiled user dll's ...
Registered in 0.001115 seconds.
Begin MonoManager ReloadAssembly
Native extension for WindowsStandalone target not found
Refreshing native plugins compatible for Editor in 0.41 ms, found 1 plugins.
Preloading 0 native plugins for Editor in 0.00 ms.
Mono: successfully reloaded assembly
- Completed reload, in  1.784 seconds
Platform modules already initialized, skipping
Refreshing native plugins compatible for Editor in 0.41 ms, found 1 plugins.
Preloading 0 native plugins for Editor in 0.01 ms.
Unloading 1820 Unused Serialized files (Serialized files now loaded: 0)
System memory in use before: 90.3 MB.
System memory in use after: 90.4 MB.

Unloading 8 unused Assets to reduce memory usage. Loaded Objects now: 2373.
Total: 2.239391 ms (FindLiveObjects: 0.166921 ms CreateObjectMapping: 0.045746 ms MarkObjects: 1.991873 ms  DeleteObjects: 0.015156 ms)

========================================================================
Received Prepare
Registering precompiled user dll's ...
Registered in 0.001094 seconds.
Begin MonoManager ReloadAssembly
Native extension for WindowsStandalone target not found
Refreshing native plugins compatible for Editor in 0.41 ms, found 1 plugins.
Preloading 0 native plugins for Editor in 0.00 ms.
Mono: successfully reloaded assembly
- Completed reload, in  1.523 seconds
Platform modules already initialized, skipping
Refreshing native plugins compatible for Editor in 0.39 ms, found 1 plugins.
Preloading 0 native plugins for Editor in 0.01 ms.
Unloading 1820 Unused Serialized files (Serialized files now loaded: 0)
System memory in use before: 90.3 MB.
System memory in use after: 90.4 MB.

Unloading 8 unused Assets to reduce memory usage. Loaded Objects now: 2376.
Total: 2.486838 ms (FindLiveObjects: 0.224260 ms CreateObjectMapping: 0.050006 ms MarkObjects: 2.153067 ms  DeleteObjects: 0.027448 ms)

========================================================================
Received Prepare
Registering precompiled user dll's ...
Registered in 0.001106 seconds.
Begin MonoManager ReloadAssembly
Native extension for WindowsStandalone target not found
Refreshing native plugins compatible for Editor in 0.42 ms, found 1 plugins.
Preloading 0 native plugins for Editor in 0.00 ms.
Mono: successfully reloaded assembly
- Completed reload, in  1.675 seconds
Platform modules already initialized, skipping
Refreshing native plugins compatible for Editor in 0.41 ms, found 1 plugins.
Preloading 0 native plugins for Editor in 0.00 ms.
Unloading 1820 Unused Serialized files (Serialized files now loaded: 0)
System memory in use before: 90.3 MB.
System memory in use after: 90.5 MB.

Unloading 8 unused Assets to reduce memory usage. Loaded Objects now: 2379.
Total: 2.495080 ms (FindLiveObjects: 0.182495 ms CreateObjectMapping: 0.052032 ms MarkObjects: 2.190153 ms  DeleteObjects: 0.017041 ms)

========================================================================
Received Prepare
Registering precompiled user dll's ...
Registered in 0.001160 seconds.
Begin MonoManager ReloadAssembly
Native extension for WindowsStandalone target not found
Refreshing native plugins compatible for Editor in 0.41 ms, found 1 plugins.
Preloading 0 native plugins for Editor in 0.01 ms.
Mono: successfully reloaded assembly
- Completed reload, in  1.756 seconds
Platform modules already initialized, skipping
Refreshing native plugins compatible for Editor in 0.43 ms, found 1 plugins.
Preloading 0 native plugins for Editor in 0.00 ms.
Unloading 1820 Unused Serialized files (Serialized files now loaded: 0)
System memory in use before: 90.3 MB.
System memory in use after: 90.5 MB.

Unloading 8 unused Assets to reduce memory usage. Loaded Objects now: 2382.
Total: 2.605499 ms (FindLiveObjects: 0.184451 ms CreateObjectMapping: 0.054895 ms MarkObjects: 2.299524 ms  DeleteObjects: 0.019625 ms)

========================================================================
Received Prepare
Registering precompiled user dll's ...
Registered in 0.001133 seconds.
Begin MonoManager ReloadAssembly
Native extension for WindowsStandalone target not found
Refreshing native plugins compatible for Editor in 0.41 ms, found 1 plugins.
Preloading 0 native plugins for Editor in 0.00 ms.
Mono: successfully reloaded assembly
- Completed reload, in  1.545 seconds
Platform modules already initialized, skipping
Refreshing native plugins compatible for Editor in 0.39 ms, found 1 plugins.
Preloading 0 native plugins for Editor in 0.01 ms.
Unloading 1820 Unused Serialized files (Serialized files now loaded: 0)
System memory in use before: 90.4 MB.
System memory in use after: 90.5 MB.

Unloading 8 unused Assets to reduce memory usage. Loaded Objects now: 2385.
Total: 2.296661 ms (FindLiveObjects: 0.176908 ms CreateObjectMapping: 0.047283 ms MarkObjects: 2.022813 ms  DeleteObjects: 0.014667 ms)

========================================================================
Received Import Request.
  Time since last request: 4185.162469 seconds.
  path: Assets/Animations/Player.controller
  artifactKey: Guid(1483c268476b0424eb0d6c2321dfd6e4) Importer(815301076,1909f56bfc062723c751e8b465ee728b)
Start importing Assets/Animations/Player.controller using Guid(1483c268476b0424eb0d6c2321dfd6e4) Importer(815301076,1909f56bfc062723c751e8b465ee728b)  -> (artifact id: '3cb34f32e009ca813ed4cfc126384a1b') in 0.020512 seconds 
========================================================================
Received Prepare
Registering precompiled user dll's ...
Registered in 0.001163 seconds.
Begin MonoManager ReloadAssembly
Native extension for WindowsStandalone target not found
Refreshing native plugins compatible for Editor in 0.42 ms, found 1 plugins.
Preloading 0 native plugins for Editor in 0.01 ms.
Mono: successfully reloaded assembly
- Completed reload, in  1.913 seconds
Platform modules already initialized, skipping
Refreshing native plugins compatible for Editor in 0.38 ms, found 1 plugins.
Preloading 0 native plugins for Editor in 0.00 ms.
Unloading 1820 Unused Serialized files (Serialized files now loaded: 0)
System memory in use before: 90.4 MB.
System memory in use after: 90.5 MB.

Unloading 8 unused Assets to reduce memory usage. Loaded Objects now: 2388.
Total: 2.146432 ms (FindLiveObjects: 0.161752 ms CreateObjectMapping: 0.044768 ms MarkObjects: 1.904991 ms  DeleteObjects: 0.015365 ms)

========================================================================
Received Prepare
Registering precompiled user dll's ...
Registered in 0.001175 seconds.
Begin MonoManager ReloadAssembly
Native extension for WindowsStandalone target not found
Refreshing native plugins compatible for Editor in 0.41 ms, found 1 plugins.
Preloading 0 native plugins for Editor in 0.00 ms.
Mono: successfully reloaded assembly
- Completed reload, in  1.978 seconds
Platform modules already initialized, skipping
Refreshing native plugins compatible for Editor in 0.44 ms, found 1 plugins.
Preloading 0 native plugins for Editor in 0.00 ms.
Unloading 1820 Unused Serialized files (Serialized files now loaded: 0)
System memory in use before: 90.4 MB.
System memory in use after: 90.5 MB.

Unloading 8 unused Assets to reduce memory usage. Loaded Objects now: 2391.
Total: 3.465873 ms (FindLiveObjects: 0.485467 ms CreateObjectMapping: 0.163219 ms MarkObjects: 2.750978 ms  DeleteObjects: 0.015784 ms)

========================================================================
Received Prepare
Registering precompiled user dll's ...
Registered in 0.001407 seconds.
Begin MonoManager ReloadAssembly
Native extension for WindowsStandalone target not found
Refreshing native plugins compatible for Editor in 0.41 ms, found 1 plugins.
Preloading 0 native plugins for Editor in 0.00 ms.
Mono: successfully reloaded assembly
- Completed reload, in  1.586 seconds
Platform modules already initialized, skipping
Refreshing native plugins compatible for Editor in 0.39 ms, found 1 plugins.
Preloading 0 native plugins for Editor in 0.00 ms.
Unloading 1820 Unused Serialized files (Serialized files now loaded: 0)
System memory in use before: 90.4 MB.
System memory in use after: 90.5 MB.

Unloading 8 unused Assets to reduce memory usage. Loaded Objects now: 2394.
Total: 2.410991 ms (FindLiveObjects: 0.193460 ms CreateObjectMapping: 0.047492 ms MarkObjects: 2.118146 ms  DeleteObjects: 0.019765 ms)

========================================================================
Received Prepare
Registering precompiled user dll's ...
Registered in 0.001159 seconds.
Begin MonoManager ReloadAssembly
Native extension for WindowsStandalone target not found
Refreshing native plugins compatible for Editor in 0.42 ms, found 1 plugins.
Preloading 0 native plugins for Editor in 0.01 ms.
Mono: successfully reloaded assembly
- Completed reload, in  1.938 seconds
Platform modules already initialized, skipping
Refreshing native plugins compatible for Editor in 0.41 ms, found 1 plugins.
Preloading 0 native plugins for Editor in 0.00 ms.
Unloading 1820 Unused Serialized files (Serialized files now loaded: 0)
System memory in use before: 90.4 MB.
System memory in use after: 90.5 MB.

Unloading 8 unused Assets to reduce memory usage. Loaded Objects now: 2397.
Total: 2.444165 ms (FindLiveObjects: 0.187035 ms CreateObjectMapping: 0.093448 ms MarkObjects: 2.125969 ms  DeleteObjects: 0.015365 ms)

========================================================================
Received Prepare
Registering precompiled user dll's ...
Registered in 0.001348 seconds.
Begin MonoManager ReloadAssembly
Native extension for WindowsStandalone target not found
Refreshing native plugins compatible for Editor in 0.41 ms, found 1 plugins.
Preloading 0 native plugins for Editor in 0.00 ms.
Mono: successfully reloaded assembly
- Completed reload, in  1.747 seconds
Platform modules already initialized, skipping
Refreshing native plugins compatible for Editor in 0.40 ms, found 1 plugins.
Preloading 0 native plugins for Editor in 0.01 ms.
Unloading 1820 Unused Serialized files (Serialized files now loaded: 0)
System memory in use before: 90.4 MB.
System memory in use after: 90.5 MB.

Unloading 8 unused Assets to reduce memory usage. Loaded Objects now: 2400.
Total: 2.266559 ms (FindLiveObjects: 0.181657 ms CreateObjectMapping: 0.047213 ms MarkObjects: 1.983143 ms  DeleteObjects: 0.014178 ms)

========================================================================
Received Prepare
Registering precompiled user dll's ...
Registered in 0.001149 seconds.
Begin MonoManager ReloadAssembly
Native extension for WindowsStandalone target not found
Refreshing native plugins compatible for Editor in 0.53 ms, found 1 plugins.
Preloading 0 native plugins for Editor in 0.01 ms.
Mono: successfully reloaded assembly
- Completed reload, in  2.241 seconds
Platform modules already initialized, skipping
Refreshing native plugins compatible for Editor in 0.47 ms, found 1 plugins.
Preloading 0 native plugins for Editor in 0.01 ms.
Unloading 1820 Unused Serialized files (Serialized files now loaded: 0)
System memory in use before: 90.4 MB.
System memory in use after: 90.5 MB.

Unloading 8 unused Assets to reduce memory usage. Loaded Objects now: 2403.
Total: 2.524692 ms (FindLiveObjects: 0.219511 ms CreateObjectMapping: 0.077175 ms MarkObjects: 2.153416 ms  DeleteObjects: 0.024794 ms)

========================================================================
Received Prepare
Registering precompiled user dll's ...
Registered in 0.001104 seconds.
Begin MonoManager ReloadAssembly
Native extension for WindowsStandalone target not found
Refreshing native plugins compatible for Editor in 0.41 ms, found 1 plugins.
Preloading 0 native plugins for Editor in 0.00 ms.
Mono: successfully reloaded assembly
- Completed reload, in  1.891 seconds
Platform modules already initialized, skipping
Refreshing native plugins compatible for Editor in 0.39 ms, found 1 plugins.
Preloading 0 native plugins for Editor in 0.00 ms.
Unloading 1820 Unused Serialized files (Serialized files now loaded: 0)
System memory in use before: 90.4 MB.
System memory in use after: 90.5 MB.

Unloading 8 unused Assets to reduce memory usage. Loaded Objects now: 2406.
Total: 2.462184 ms (FindLiveObjects: 0.185219 ms CreateObjectMapping: 0.049029 ms MarkObjects: 2.187778 ms  DeleteObjects: 0.014946 ms)

========================================================================
Received Prepare
Registering precompiled user dll's ...
Registered in 0.001110 seconds.
Begin MonoManager ReloadAssembly
Native extension for WindowsStandalone target not found
Refreshing native plugins compatible for Editor in 0.42 ms, found 1 plugins.
Preloading 0 native plugins for Editor in 0.00 ms.
Mono: successfully reloaded assembly
- Completed reload, in  2.018 seconds
Platform modules already initialized, skipping
Refreshing native plugins compatible for Editor in 0.40 ms, found 1 plugins.
Preloading 0 native plugins for Editor in 0.01 ms.
Unloading 1820 Unused Serialized files (Serialized files now loaded: 0)
System memory in use before: 90.4 MB.
System memory in use after: 90.5 MB.

Unloading 8 unused Assets to reduce memory usage. Loaded Objects now: 2409.
Total: 2.391924 ms (FindLiveObjects: 0.191784 ms CreateObjectMapping: 0.054825 ms MarkObjects: 2.067581 ms  DeleteObjects: 0.022419 ms)

========================================================================
Received Prepare
Registering precompiled user dll's ...
Registered in 0.001210 seconds.
Begin MonoManager ReloadAssembly
Native extension for WindowsStandalone target not found
Refreshing native plugins compatible for Editor in 0.41 ms, found 1 plugins.
Preloading 0 native plugins for Editor in 0.00 ms.
Mono: successfully reloaded assembly
- Completed reload, in  1.744 seconds
Platform modules already initialized, skipping
Refreshing native plugins compatible for Editor in 0.41 ms, found 1 plugins.
Preloading 0 native plugins for Editor in 0.01 ms.
Unloading 1820 Unused Serialized files (Serialized files now loaded: 0)
System memory in use before: 90.4 MB.
System memory in use after: 90.5 MB.

Unloading 8 unused Assets to reduce memory usage. Loaded Objects now: 2412.
Total: 2.410223 ms (FindLiveObjects: 0.192064 ms CreateObjectMapping: 0.054546 ms MarkObjects: 2.093073 ms  DeleteObjects: 0.020324 ms)

========================================================================
Received Prepare
Registering precompiled user dll's ...
Registered in 0.001136 seconds.
Begin MonoManager ReloadAssembly
Native extension for WindowsStandalone target not found
Refreshing native plugins compatible for Editor in 0.41 ms, found 1 plugins.
Preloading 0 native plugins for Editor in 0.00 ms.
Mono: successfully reloaded assembly
- Completed reload, in  1.732 seconds
Platform modules already initialized, skipping
Refreshing native plugins compatible for Editor in 0.41 ms, found 1 plugins.
Preloading 0 native plugins for Editor in 0.00 ms.
Unloading 1820 Unused Serialized files (Serialized files now loaded: 0)
System memory in use before: 90.4 MB.
System memory in use after: 90.6 MB.

Unloading 8 unused Assets to reduce memory usage. Loaded Objects now: 2415.
Total: 2.265861 ms (FindLiveObjects: 0.179841 ms CreateObjectMapping: 0.048610 ms MarkObjects: 1.990407 ms  DeleteObjects: 0.014806 ms)

========================================================================
Received Prepare
Registering precompiled user dll's ...
Registered in 0.001115 seconds.
Begin MonoManager ReloadAssembly
Native extension for WindowsStandalone target not found
Refreshing native plugins compatible for Editor in 0.48 ms, found 1 plugins.
Preloading 0 native plugins for Editor in 0.01 ms.
Mono: successfully reloaded assembly
- Completed reload, in  1.762 seconds
Platform modules already initialized, skipping
Refreshing native plugins compatible for Editor in 0.37 ms, found 1 plugins.
Preloading 0 native plugins for Editor in 0.00 ms.
Unloading 1820 Unused Serialized files (Serialized files now loaded: 0)
System memory in use before: 90.4 MB.
System memory in use after: 90.6 MB.

Unloading 8 unused Assets to reduce memory usage. Loaded Objects now: 2418.
Total: 2.206775 ms (FindLiveObjects: 0.184102 ms CreateObjectMapping: 0.046165 ms MarkObjects: 1.931461 ms  DeleteObjects: 0.014387 ms)

========================================================================
Received Prepare
Registering precompiled user dll's ...
Registered in 0.001125 seconds.
Begin MonoManager ReloadAssembly
Native extension for WindowsStandalone target not found
Refreshing native plugins compatible for Editor in 0.41 ms, found 1 plugins.
Preloading 0 native plugins for Editor in 0.00 ms.
Mono: successfully reloaded assembly
- Completed reload, in  1.622 seconds
Platform modules already initialized, skipping
Refreshing native plugins compatible for Editor in 0.40 ms, found 1 plugins.
Preloading 0 native plugins for Editor in 0.00 ms.
Unloading 1820 Unused Serialized files (Serialized files now loaded: 0)
System memory in use before: 90.5 MB.
System memory in use after: 90.6 MB.

Unloading 8 unused Assets to reduce memory usage. Loaded Objects now: 2421.
Total: 2.250216 ms (FindLiveObjects: 0.189340 ms CreateObjectMapping: 0.047702 ms MarkObjects: 1.967848 ms  DeleteObjects: 0.014876 ms)

========================================================================
Received Prepare
Registering precompiled user dll's ...
Registered in 0.001317 seconds.
Begin MonoManager ReloadAssembly
Native extension for WindowsStandalone target not found
Refreshing native plugins compatible for Editor in 0.43 ms, found 1 plugins.
Preloading 0 native plugins for Editor in 0.01 ms.
Mono: successfully reloaded assembly
- Completed reload, in  1.996 seconds
Platform modules already initialized, skipping
Refreshing native plugins compatible for Editor in 0.41 ms, found 1 plugins.
Preloading 0 native plugins for Editor in 0.01 ms.
Unloading 1820 Unused Serialized files (Serialized files now loaded: 0)
System memory in use before: 90.5 MB.
System memory in use after: 90.6 MB.

Unloading 8 unused Assets to reduce memory usage. Loaded Objects now: 2424.
Total: 2.694057 ms (FindLiveObjects: 0.208895 ms CreateObjectMapping: 0.052032 ms MarkObjects: 2.371321 ms  DeleteObjects: 0.015854 ms)

========================================================================
Received Prepare
Registering precompiled user dll's ...
Registered in 0.001148 seconds.
Begin MonoManager ReloadAssembly
Native extension for WindowsStandalone target not found
Refreshing native plugins compatible for Editor in 0.69 ms, found 1 plugins.
Preloading 0 native plugins for Editor in 0.00 ms.
Mono: successfully reloaded assembly
- Completed reload, in  1.642 seconds
Platform modules already initialized, skipping
Refreshing native plugins compatible for Editor in 0.40 ms, found 1 plugins.
Preloading 0 native plugins for Editor in 0.00 ms.
Unloading 1820 Unused Serialized files (Serialized files now loaded: 0)
System memory in use before: 90.5 MB.
System memory in use after: 90.6 MB.

Unloading 8 unused Assets to reduce memory usage. Loaded Objects now: 2427.
Total: 2.347575 ms (FindLiveObjects: 0.275594 ms CreateObjectMapping: 0.047702 ms MarkObjects: 1.985308 ms  DeleteObjects: 0.015365 ms)

========================================================================
Received Prepare
Registering precompiled user dll's ...
Registered in 0.001124 seconds.
Begin MonoManager ReloadAssembly
Native extension for WindowsStandalone target not found
Refreshing native plugins compatible for Editor in 0.43 ms, found 1 plugins.
Preloading 0 native plugins for Editor in 0.01 ms.
Mono: successfully reloaded assembly
- Completed reload, in  2.177 seconds
Platform modules already initialized, skipping
Refreshing native plugins compatible for Editor in 0.39 ms, found 1 plugins.
Preloading 0 native plugins for Editor in 0.00 ms.
Unloading 1820 Unused Serialized files (Serialized files now loaded: 0)
System memory in use before: 90.5 MB.
System memory in use after: 90.6 MB.

Unloading 8 unused Assets to reduce memory usage. Loaded Objects now: 2430.
Total: 2.681626 ms (FindLiveObjects: 0.303111 ms CreateObjectMapping: 0.050216 ms MarkObjects: 2.259296 ms  DeleteObjects: 0.032825 ms)

========================================================================
Received Prepare
Registering precompiled user dll's ...
Registered in 0.001204 seconds.
Begin MonoManager ReloadAssembly
Native extension for WindowsStandalone target not found
Refreshing native plugins compatible for Editor in 0.55 ms, found 1 plugins.
Preloading 0 native plugins for Editor in 0.00 ms.
Mono: successfully reloaded assembly
- Completed reload, in  1.619 seconds
Platform modules already initialized, skipping
Refreshing native plugins compatible for Editor in 0.42 ms, found 1 plugins.
Preloading 0 native plugins for Editor in 0.01 ms.
Unloading 1820 Unused Serialized files (Serialized files now loaded: 0)
System memory in use before: 90.5 MB.
System memory in use after: 90.6 MB.

Unloading 8 unused Assets to reduce memory usage. Loaded Objects now: 2433.
Total: 2.828921 ms (FindLiveObjects: 0.192203 ms CreateObjectMapping: 0.052521 ms MarkObjects: 2.527416 ms  DeleteObjects: 0.017251 ms)

========================================================================
Received Prepare
Registering precompiled user dll's ...
Registered in 0.001147 seconds.
Begin MonoManager ReloadAssembly
Native extension for WindowsStandalone target not found
Refreshing native plugins compatible for Editor in 0.44 ms, found 1 plugins.
Preloading 0 native plugins for Editor in 0.00 ms.
Mono: successfully reloaded assembly
- Completed reload, in  1.757 seconds
Platform modules already initialized, skipping
Refreshing native plugins compatible for Editor in 0.41 ms, found 1 plugins.
Preloading 0 native plugins for Editor in 0.00 ms.
Unloading 1820 Unused Serialized files (Serialized files now loaded: 0)
System memory in use before: 90.5 MB.
System memory in use after: 90.6 MB.

Unloading 8 unused Assets to reduce memory usage. Loaded Objects now: 2436.
Total: 2.199791 ms (FindLiveObjects: 0.180121 ms CreateObjectMapping: 0.045537 ms MarkObjects: 1.929226 ms  DeleteObjects: 0.014946 ms)

========================================================================
Received Prepare
Registering precompiled user dll's ...
Registered in 0.001318 seconds.
Begin MonoManager ReloadAssembly
Native extension for WindowsStandalone target not found
Refreshing native plugins compatible for Editor in 0.44 ms, found 1 plugins.
Preloading 0 native plugins for Editor in 0.01 ms.
Mono: successfully reloaded assembly
- Completed reload, in  1.751 seconds
Platform modules already initialized, skipping
Refreshing native plugins compatible for Editor in 0.40 ms, found 1 plugins.
Preloading 0 native plugins for Editor in 0.00 ms.
Unloading 1820 Unused Serialized files (Serialized files now loaded: 0)
System memory in use before: 90.5 MB.
System memory in use after: 90.6 MB.

Unloading 8 unused Assets to reduce memory usage. Loaded Objects now: 2439.
Total: 2.437391 ms (FindLiveObjects: 0.226775 ms CreateObjectMapping: 0.054686 ms MarkObjects: 2.100197 ms  DeleteObjects: 0.015854 ms)

========================================================================
Received Prepare
Registering precompiled user dll's ...
Registered in 0.001144 seconds.
Begin MonoManager ReloadAssembly
Native extension for WindowsStandalone target not found
Refreshing native plugins compatible for Editor in 0.43 ms, found 1 plugins.
Preloading 0 native plugins for Editor in 0.01 ms.
Mono: successfully reloaded assembly
- Completed reload, in  1.714 seconds
Platform modules already initialized, skipping
Refreshing native plugins compatible for Editor in 0.40 ms, found 1 plugins.
Preloading 0 native plugins for Editor in 0.00 ms.
Unloading 1820 Unused Serialized files (Serialized files now loaded: 0)
System memory in use before: 90.5 MB.
System memory in use after: 90.6 MB.

Unloading 8 unused Assets to reduce memory usage. Loaded Objects now: 2442.
Total: 2.339543 ms (FindLiveObjects: 0.187175 ms CreateObjectMapping: 0.052381 ms MarkObjects: 2.041391 ms  DeleteObjects: 0.013689 ms)

========================================================================
Received Prepare
Registering precompiled user dll's ...
Registered in 0.001398 seconds.
Begin MonoManager ReloadAssembly
Native extension for WindowsStandalone target not found
Refreshing native plugins compatible for Editor in 0.42 ms, found 1 plugins.
Preloading 0 native plugins for Editor in 0.01 ms.
Mono: successfully reloaded assembly
- Completed reload, in  1.511 seconds
Platform modules already initialized, skipping
Refreshing native plugins compatible for Editor in 0.40 ms, found 1 plugins.
Preloading 0 native plugins for Editor in 0.00 ms.
Unloading 1820 Unused Serialized files (Serialized files now loaded: 0)
System memory in use before: 90.5 MB.
System memory in use after: 90.6 MB.

Unloading 8 unused Assets to reduce memory usage. Loaded Objects now: 2445.
Total: 2.201397 ms (FindLiveObjects: 0.185219 ms CreateObjectMapping: 0.046375 ms MarkObjects: 1.927829 ms  DeleteObjects: 0.014876 ms)

========================================================================
Received Prepare
Registering precompiled user dll's ...
Registered in 0.001186 seconds.
Begin MonoManager ReloadAssembly
Native extension for WindowsStandalone target not found
Refreshing native plugins compatible for Editor in 0.43 ms, found 1 plugins.
Preloading 0 native plugins for Editor in 0.00 ms.
Mono: successfully reloaded assembly
- Completed reload, in  1.829 seconds
Platform modules already initialized, skipping
Refreshing native plugins compatible for Editor in 0.42 ms, found 1 plugins.
Preloading 0 native plugins for Editor in 0.01 ms.
Unloading 1820 Unused Serialized files (Serialized files now loaded: 0)
System memory in use before: 90.5 MB.
System memory in use after: 90.6 MB.

Unloading 8 unused Assets to reduce memory usage. Loaded Objects now: 2448.
Total: 2.281784 ms (FindLiveObjects: 0.185568 ms CreateObjectMapping: 0.050495 ms MarkObjects: 1.997111 ms  DeleteObjects: 0.018648 ms)

========================================================================
Received Prepare
Registering precompiled user dll's ...
Registered in 0.001330 seconds.
Begin MonoManager ReloadAssembly
Native extension for WindowsStandalone target not found
Refreshing native plugins compatible for Editor in 0.41 ms, found 1 plugins.
Preloading 0 native plugins for Editor in 0.00 ms.
Mono: successfully reloaded assembly
- Completed reload, in  2.122 seconds
Platform modules already initialized, skipping
Refreshing native plugins compatible for Editor in 0.73 ms, found 1 plugins.
Preloading 0 native plugins for Editor in 0.01 ms.
Unloading 1820 Unused Serialized files (Serialized files now loaded: 0)
System memory in use before: 90.5 MB.
System memory in use after: 90.6 MB.

Unloading 8 unused Assets to reduce memory usage. Loaded Objects now: 2451.
Total: 2.966578 ms (FindLiveObjects: 0.230546 ms CreateObjectMapping: 0.052311 ms MarkObjects: 2.624007 ms  DeleteObjects: 0.019695 ms)

========================================================================
Received Prepare
Registering precompiled user dll's ...
Registered in 0.001164 seconds.
Begin MonoManager ReloadAssembly
Native extension for WindowsStandalone target not found
Refreshing native plugins compatible for Editor in 0.42 ms, found 1 plugins.
Preloading 0 native plugins for Editor in 0.00 ms.
Mono: successfully reloaded assembly
- Completed reload, in  1.745 seconds
Platform modules already initialized, skipping
Refreshing native plugins compatible for Editor in 0.40 ms, found 1 plugins.
Preloading 0 native plugins for Editor in 0.00 ms.
Unloading 1820 Unused Serialized files (Serialized files now loaded: 0)
System memory in use before: 90.5 MB.
System memory in use after: 90.7 MB.

Unloading 8 unused Assets to reduce memory usage. Loaded Objects now: 2454.
Total: 2.269702 ms (FindLiveObjects: 0.184171 ms CreateObjectMapping: 0.049098 ms MarkObjects: 1.981746 ms  DeleteObjects: 0.019975 ms)

========================================================================
Received Prepare
Registering precompiled user dll's ...
Registered in 0.001118 seconds.
Begin MonoManager ReloadAssembly
Native extension for WindowsStandalone target not found
Refreshing native plugins compatible for Editor in 0.59 ms, found 1 plugins.
Preloading 0 native plugins for Editor in 0.00 ms.
Mono: successfully reloaded assembly
- Completed reload, in  1.670 seconds
Platform modules already initialized, skipping
Refreshing native plugins compatible for Editor in 0.38 ms, found 1 plugins.
Preloading 0 native plugins for Editor in 0.00 ms.
Unloading 1820 Unused Serialized files (Serialized files now loaded: 0)
System memory in use before: 90.5 MB.
System memory in use after: 90.7 MB.

Unloading 8 unused Assets to reduce memory usage. Loaded Objects now: 2457.
Total: 2.267746 ms (FindLiveObjects: 0.185149 ms CreateObjectMapping: 0.046654 ms MarkObjects: 1.978813 ms  DeleteObjects: 0.022768 ms)

========================================================================
Received Prepare
Registering precompiled user dll's ...
Registered in 0.001146 seconds.
Begin MonoManager ReloadAssembly
Native extension for WindowsStandalone target not found
Refreshing native plugins compatible for Editor in 0.43 ms, found 1 plugins.
Preloading 0 native plugins for Editor in 0.01 ms.
Mono: successfully reloaded assembly
- Completed reload, in  1.797 seconds
Platform modules already initialized, skipping
Refreshing native plugins compatible for Editor in 0.39 ms, found 1 plugins.
Preloading 0 native plugins for Editor in 0.00 ms.
Unloading 1820 Unused Serialized files (Serialized files now loaded: 0)
System memory in use before: 90.6 MB.
System memory in use after: 90.7 MB.

Unloading 8 unused Assets to reduce memory usage. Loaded Objects now: 2460.
Total: 2.615905 ms (FindLiveObjects: 0.445657 ms CreateObjectMapping: 0.074521 ms MarkObjects: 2.010870 ms  DeleteObjects: 0.013689 ms)

========================================================================
Received Prepare
Registering precompiled user dll's ...
Registered in 0.001294 seconds.
Begin MonoManager ReloadAssembly
Native extension for WindowsStandalone target not found
Refreshing native plugins compatible for Editor in 0.41 ms, found 1 plugins.
Preloading 0 native plugins for Editor in 0.00 ms.
Mono: successfully reloaded assembly
- Completed reload, in  1.682 seconds
Platform modules already initialized, skipping
Refreshing native plugins compatible for Editor in 0.41 ms, found 1 plugins.
Preloading 0 native plugins for Editor in 0.01 ms.
Unloading 1820 Unused Serialized files (Serialized files now loaded: 0)
System memory in use before: 90.6 MB.
System memory in use after: 90.7 MB.

Unloading 8 unused Assets to reduce memory usage. Loaded Objects now: 2463.
Total: 2.266699 ms (FindLiveObjects: 0.185149 ms CreateObjectMapping: 0.052940 ms MarkObjects: 1.981816 ms  DeleteObjects: 0.014387 ms)

========================================================================
Received Prepare
Registering precompiled user dll's ...
Registered in 0.001093 seconds.
Begin MonoManager ReloadAssembly
Native extension for WindowsStandalone target not found
Refreshing native plugins compatible for Editor in 0.42 ms, found 1 plugins.
Preloading 0 native plugins for Editor in 0.01 ms.
Mono: successfully reloaded assembly
- Completed reload, in  1.850 seconds
Platform modules already initialized, skipping
Refreshing native plugins compatible for Editor in 0.38 ms, found 1 plugins.
Preloading 0 native plugins for Editor in 0.01 ms.
Unloading 1820 Unused Serialized files (Serialized files now loaded: 0)
System memory in use before: 90.6 MB.
System memory in use after: 90.7 MB.

Unloading 8 unused Assets to reduce memory usage. Loaded Objects now: 2466.
Total: 2.267886 ms (FindLiveObjects: 0.187454 ms CreateObjectMapping: 0.049029 ms MarkObjects: 1.975949 ms  DeleteObjects: 0.019905 ms)

========================================================================
Received Prepare
Registering precompiled user dll's ...
Registered in 0.001154 seconds.
Begin MonoManager ReloadAssembly
Native extension for WindowsStandalone target not found
Refreshing native plugins compatible for Editor in 0.45 ms, found 1 plugins.
Preloading 0 native plugins for Editor in 0.00 ms.
Mono: successfully reloaded assembly
- Completed reload, in  1.790 seconds
Platform modules already initialized, skipping
Refreshing native plugins compatible for Editor in 0.37 ms, found 1 plugins.
Preloading 0 native plugins for Editor in 0.00 ms.
Unloading 1820 Unused Serialized files (Serialized files now loaded: 0)
System memory in use before: 90.6 MB.
System memory in use after: 90.7 MB.

Unloading 8 unused Assets to reduce memory usage. Loaded Objects now: 2469.
Total: 2.325156 ms (FindLiveObjects: 0.193041 ms CreateObjectMapping: 0.050635 ms MarkObjects: 2.043835 ms  DeleteObjects: 0.015365 ms)

========================================================================
Received Prepare
Registering precompiled user dll's ...
Registered in 0.001348 seconds.
Begin MonoManager ReloadAssembly
Native extension for WindowsStandalone target not found
Refreshing native plugins compatible for Editor in 0.41 ms, found 1 plugins.
Preloading 0 native plugins for Editor in 0.00 ms.
Mono: successfully reloaded assembly
- Completed reload, in  1.816 seconds
Platform modules already initialized, skipping
Refreshing native plugins compatible for Editor in 0.41 ms, found 1 plugins.
Preloading 0 native plugins for Editor in 0.01 ms.
Unloading 1820 Unused Serialized files (Serialized files now loaded: 0)
System memory in use before: 90.6 MB.
System memory in use after: 90.7 MB.

Unloading 8 unused Assets to reduce memory usage. Loaded Objects now: 2472.
Total: 2.584127 ms (FindLiveObjects: 0.295778 ms CreateObjectMapping: 0.052032 ms MarkObjects: 2.149226 ms  DeleteObjects: 0.032476 ms)

========================================================================
Received Prepare
Registering precompiled user dll's ...
Registered in 0.001156 seconds.
Begin MonoManager ReloadAssembly
Native extension for WindowsStandalone target not found
Refreshing native plugins compatible for Editor in 0.43 ms, found 1 plugins.
Preloading 0 native plugins for Editor in 0.00 ms.
Mono: successfully reloaded assembly
- Completed reload, in  1.653 seconds
Platform modules already initialized, skipping
Refreshing native plugins compatible for Editor in 0.39 ms, found 1 plugins.
Preloading 0 native plugins for Editor in 0.00 ms.
Unloading 1820 Unused Serialized files (Serialized files now loaded: 0)
System memory in use before: 90.6 MB.
System memory in use after: 90.7 MB.

Unloading 8 unused Assets to reduce memory usage. Loaded Objects now: 2475.
Total: 2.265791 ms (FindLiveObjects: 0.178095 ms CreateObjectMapping: 0.046305 ms MarkObjects: 2.001791 ms  DeleteObjects: 0.014737 ms)

========================================================================
Received Prepare
Registering precompiled user dll's ...
Registered in 0.001137 seconds.
Begin MonoManager ReloadAssembly
Native extension for WindowsStandalone target not found
Refreshing native plugins compatible for Editor in 0.42 ms, found 1 plugins.
Preloading 0 native plugins for Editor in 0.00 ms.
Mono: successfully reloaded assembly
- Completed reload, in  1.964 seconds
Platform modules already initialized, skipping
Refreshing native plugins compatible for Editor in 0.42 ms, found 1 plugins.
Preloading 0 native plugins for Editor in 0.01 ms.
Unloading 1820 Unused Serialized files (Serialized files now loaded: 0)
System memory in use before: 90.6 MB.
System memory in use after: 90.7 MB.

Unloading 8 unused Assets to reduce memory usage. Loaded Objects now: 2478.
Total: 2.448915 ms (FindLiveObjects: 0.213156 ms CreateObjectMapping: 0.049587 ms MarkObjects: 2.120521 ms  DeleteObjects: 0.022419 ms)

========================================================================
Received Prepare
Registering precompiled user dll's ...
Registered in 0.001153 seconds.
Begin MonoManager ReloadAssembly
Native extension for WindowsStandalone target not found
Refreshing native plugins compatible for Editor in 0.42 ms, found 1 plugins.
Preloading 0 native plugins for Editor in 0.01 ms.
Mono: successfully reloaded assembly
- Completed reload, in  1.570 seconds
Platform modules already initialized, skipping
Refreshing native plugins compatible for Editor in 0.38 ms, found 1 plugins.
Preloading 0 native plugins for Editor in 0.00 ms.
Unloading 1820 Unused Serialized files (Serialized files now loaded: 0)
System memory in use before: 90.6 MB.
System memory in use after: 90.7 MB.

Unloading 8 unused Assets to reduce memory usage. Loaded Objects now: 2481.
Total: 2.289676 ms (FindLiveObjects: 0.178794 ms CreateObjectMapping: 0.048330 ms MarkObjects: 2.017156 ms  DeleteObjects: 0.015365 ms)

========================================================================
Received Prepare
Registering precompiled user dll's ...
Registered in 0.001074 seconds.
Begin MonoManager ReloadAssembly
Native extension for WindowsStandalone target not found
Refreshing native plugins compatible for Editor in 0.41 ms, found 1 plugins.
Preloading 0 native plugins for Editor in 0.00 ms.
Mono: successfully reloaded assembly
- Completed reload, in  1.738 seconds
Platform modules already initialized, skipping
Refreshing native plugins compatible for Editor in 0.39 ms, found 1 plugins.
Preloading 0 native plugins for Editor in 0.00 ms.
Unloading 1820 Unused Serialized files (Serialized files now loaded: 0)
System memory in use before: 90.6 MB.
System memory in use after: 90.7 MB.

Unloading 8 unused Assets to reduce memory usage. Loaded Objects now: 2484.
Total: 2.283181 ms (FindLiveObjects: 0.188432 ms CreateObjectMapping: 0.052171 ms MarkObjects: 1.992991 ms  DeleteObjects: 0.017251 ms)

========================================================================
Received Prepare
Registering precompiled user dll's ...
Registered in 0.001158 seconds.
Begin MonoManager ReloadAssembly
Native extension for WindowsStandalone target not found
Refreshing native plugins compatible for Editor in 0.42 ms, found 1 plugins.
Preloading 0 native plugins for Editor in 0.00 ms.
Mono: successfully reloaded assembly
- Completed reload, in  1.783 seconds
Platform modules already initialized, skipping
Refreshing native plugins compatible for Editor in 0.36 ms, found 1 plugins.
Preloading 0 native plugins for Editor in 0.00 ms.
Unloading 1820 Unused Serialized files (Serialized files now loaded: 0)
System memory in use before: 90.6 MB.
System memory in use after: 90.7 MB.

Unloading 8 unused Assets to reduce memory usage. Loaded Objects now: 2487.
Total: 2.239810 ms (FindLiveObjects: 0.185010 ms CreateObjectMapping: 0.047422 ms MarkObjects: 1.958210 ms  DeleteObjects: 0.017600 ms)

========================================================================
Received Prepare
Registering precompiled user dll's ...
Registered in 0.001096 seconds.
Begin MonoManager ReloadAssembly
Native extension for WindowsStandalone target not found
Refreshing native plugins compatible for Editor in 0.41 ms, found 1 plugins.
Preloading 0 native plugins for Editor in 0.00 ms.
Mono: successfully reloaded assembly
- Completed reload, in  1.720 seconds
Platform modules already initialized, skipping
Refreshing native plugins compatible for Editor in 0.44 ms, found 1 plugins.
Preloading 0 native plugins for Editor in 0.01 ms.
Unloading 1820 Unused Serialized files (Serialized files now loaded: 0)
System memory in use before: 90.6 MB.
System memory in use after: 90.7 MB.

Unloading 8 unused Assets to reduce memory usage. Loaded Objects now: 2490.
Total: 2.654597 ms (FindLiveObjects: 0.188432 ms CreateObjectMapping: 0.046514 ms MarkObjects: 2.337448 ms  DeleteObjects: 0.039810 ms)

========================================================================
Received Prepare
Registering precompiled user dll's ...
Registered in 0.001133 seconds.
Begin MonoManager ReloadAssembly
Native extension for WindowsStandalone target not found
Refreshing native plugins compatible for Editor in 0.46 ms, found 1 plugins.
Preloading 0 native plugins for Editor in 0.00 ms.
Mono: successfully reloaded assembly
- Completed reload, in  1.671 seconds
Platform modules already initialized, skipping
Refreshing native plugins compatible for Editor in 0.39 ms, found 1 plugins.
Preloading 0 native plugins for Editor in 0.00 ms.
Unloading 1820 Unused Serialized files (Serialized files now loaded: 0)
System memory in use before: 90.6 MB.
System memory in use after: 90.8 MB.

Unloading 8 unused Assets to reduce memory usage. Loaded Objects now: 2493.
Total: 2.229823 ms (FindLiveObjects: 0.189619 ms CreateObjectMapping: 0.046863 ms MarkObjects: 1.946057 ms  DeleteObjects: 0.017181 ms)

========================================================================
Received Prepare
Registering precompiled user dll's ...
Registered in 0.001359 seconds.
Begin MonoManager ReloadAssembly
Native extension for WindowsStandalone target not found
Refreshing native plugins compatible for Editor in 0.42 ms, found 1 plugins.
Preloading 0 native plugins for Editor in 0.00 ms.
Mono: successfully reloaded assembly
- Completed reload, in  1.708 seconds
Platform modules already initialized, skipping
Refreshing native plugins compatible for Editor in 0.36 ms, found 1 plugins.
Preloading 0 native plugins for Editor in 0.00 ms.
Unloading 1820 Unused Serialized files (Serialized files now loaded: 0)
System memory in use before: 90.6 MB.
System memory in use after: 90.8 MB.

Unloading 8 unused Assets to reduce memory usage. Loaded Objects now: 2496.
Total: 2.258876 ms (FindLiveObjects: 0.177537 ms CreateObjectMapping: 0.048540 ms MarkObjects: 1.985867 ms  DeleteObjects: 0.014527 ms)

========================================================================
Received Prepare
Registering precompiled user dll's ...
Registered in 0.001170 seconds.
Begin MonoManager ReloadAssembly
Native extension for WindowsStandalone target not found
Refreshing native plugins compatible for Editor in 0.42 ms, found 1 plugins.
Preloading 0 native plugins for Editor in 0.01 ms.
Mono: successfully reloaded assembly
- Completed reload, in  1.707 seconds
Platform modules already initialized, skipping
Refreshing native plugins compatible for Editor in 0.34 ms, found 1 plugins.
Preloading 0 native plugins for Editor in 0.00 ms.
Unloading 1820 Unused Serialized files (Serialized files now loaded: 0)
System memory in use before: 90.6 MB.
System memory in use after: 90.8 MB.

Unloading 8 unused Assets to reduce memory usage. Loaded Objects now: 2499.
Total: 2.307556 ms (FindLiveObjects: 0.191714 ms CreateObjectMapping: 0.048679 ms MarkObjects: 2.026515 ms  DeleteObjects: 0.015086 ms)

========================================================================
Received Prepare
Registering precompiled user dll's ...
Registered in 0.001107 seconds.
Begin MonoManager ReloadAssembly
Native extension for WindowsStandalone target not found
Refreshing native plugins compatible for Editor in 0.47 ms, found 1 plugins.
Preloading 0 native plugins for Editor in 0.00 ms.
Mono: successfully reloaded assembly
- Completed reload, in  1.671 seconds
Platform modules already initialized, skipping
Refreshing native plugins compatible for Editor in 0.40 ms, found 1 plugins.
Preloading 0 native plugins for Editor in 0.00 ms.
Unloading 1820 Unused Serialized files (Serialized files now loaded: 0)
System memory in use before: 90.7 MB.
System memory in use after: 90.8 MB.

Unloading 8 unused Assets to reduce memory usage. Loaded Objects now: 2502.
Total: 2.262718 ms (FindLiveObjects: 0.198768 ms CreateObjectMapping: 0.052381 ms MarkObjects: 1.963169 ms  DeleteObjects: 0.013479 ms)

========================================================================
Received Prepare
Registering precompiled user dll's ...
Registered in 0.001213 seconds.
Begin MonoManager ReloadAssembly
Native extension for WindowsStandalone target not found
Refreshing native plugins compatible for Editor in 0.44 ms, found 1 plugins.
Preloading 0 native plugins for Editor in 0.00 ms.
Mono: successfully reloaded assembly
- Completed reload, in  1.856 seconds
Platform modules already initialized, skipping
Refreshing native plugins compatible for Editor in 0.42 ms, found 1 plugins.
Preloading 0 native plugins for Editor in 0.00 ms.
Unloading 1820 Unused Serialized files (Serialized files now loaded: 0)
System memory in use before: 90.7 MB.
System memory in use after: 90.8 MB.

Unloading 8 unused Assets to reduce memory usage. Loaded Objects now: 2505.
Total: 2.338076 ms (FindLiveObjects: 0.198559 ms CreateObjectMapping: 0.054895 ms MarkObjects: 2.021835 ms  DeleteObjects: 0.015295 ms)

========================================================================
Received Prepare
Registering precompiled user dll's ...
Registered in 0.001107 seconds.
Begin MonoManager ReloadAssembly
Native extension for WindowsStandalone target not found
Refreshing native plugins compatible for Editor in 0.42 ms, found 1 plugins.
Preloading 0 native plugins for Editor in 0.00 ms.
Mono: successfully reloaded assembly
- Completed reload, in  1.688 seconds
Platform modules already initialized, skipping
Refreshing native plugins compatible for Editor in 0.41 ms, found 1 plugins.
Preloading 0 native plugins for Editor in 0.01 ms.
Unloading 1820 Unused Serialized files (Serialized files now loaded: 0)
System memory in use before: 90.7 MB.
System memory in use after: 90.8 MB.

Unloading 8 unused Assets to reduce memory usage. Loaded Objects now: 2508.
Total: 2.554096 ms (FindLiveObjects: 0.192273 ms CreateObjectMapping: 0.052521 ms MarkObjects: 2.234991 ms  DeleteObjects: 0.020114 ms)

========================================================================
Received Prepare
Registering precompiled user dll's ...
Registered in 0.001121 seconds.
Begin MonoManager ReloadAssembly
Native extension for WindowsStandalone target not found
Refreshing native plugins compatible for Editor in 0.42 ms, found 1 plugins.
Preloading 0 native plugins for Editor in 0.01 ms.
Mono: successfully reloaded assembly
- Completed reload, in  1.576 seconds
Platform modules already initialized, skipping
Refreshing native plugins compatible for Editor in 0.40 ms, found 1 plugins.
Preloading 0 native plugins for Editor in 0.00 ms.
Unloading 1820 Unused Serialized files (Serialized files now loaded: 0)
System memory in use before: 90.7 MB.
System memory in use after: 90.8 MB.

Unloading 8 unused Assets to reduce memory usage. Loaded Objects now: 2511.
Total: 2.228007 ms (FindLiveObjects: 0.192622 ms CreateObjectMapping: 0.047143 ms MarkObjects: 1.948222 ms  DeleteObjects: 0.014946 ms)

========================================================================
Received Prepare
Registering precompiled user dll's ...
Registered in 0.001105 seconds.
Begin MonoManager ReloadAssembly
Native extension for WindowsStandalone target not found
Refreshing native plugins compatible for Editor in 0.41 ms, found 1 plugins.
Preloading 0 native plugins for Editor in 0.01 ms.
Mono: successfully reloaded assembly
- Completed reload, in  1.816 seconds
Platform modules already initialized, skipping
Refreshing native plugins compatible for Editor in 0.42 ms, found 1 plugins.
Preloading 0 native plugins for Editor in 0.01 ms.
Unloading 1820 Unused Serialized files (Serialized files now loaded: 0)
System memory in use before: 90.7 MB.
System memory in use after: 90.8 MB.

Unloading 8 unused Assets to reduce memory usage. Loaded Objects now: 2514.
Total: 2.452616 ms (FindLiveObjects: 0.200305 ms CreateObjectMapping: 0.052311 ms MarkObjects: 2.108159 ms  DeleteObjects: 0.024794 ms)

========================================================================
Received Prepare
Registering precompiled user dll's ...
Registered in 0.001069 seconds.
Begin MonoManager ReloadAssembly
Native extension for WindowsStandalone target not found
Refreshing native plugins compatible for Editor in 0.42 ms, found 1 plugins.
Preloading 0 native plugins for Editor in 0.00 ms.
Mono: successfully reloaded assembly
- Completed reload, in  1.592 seconds
Platform modules already initialized, skipping
Refreshing native plugins compatible for Editor in 0.39 ms, found 1 plugins.
Preloading 0 native plugins for Editor in 0.01 ms.
Unloading 1820 Unused Serialized files (Serialized files now loaded: 0)
System memory in use before: 90.7 MB.
System memory in use after: 90.8 MB.

Unloading 8 unused Assets to reduce memory usage. Loaded Objects now: 2517.
Total: 2.398699 ms (FindLiveObjects: 0.200375 ms CreateObjectMapping: 0.054895 ms MarkObjects: 2.070515 ms  DeleteObjects: 0.025213 ms)

========================================================================
Received Prepare
Registering precompiled user dll's ...
Registered in 0.001105 seconds.
Begin MonoManager ReloadAssembly
Native extension for WindowsStandalone target not found
Refreshing native plugins compatible for Editor in 0.41 ms, found 1 plugins.
Preloading 0 native plugins for Editor in 0.00 ms.
Mono: successfully reloaded assembly
- Completed reload, in  1.635 seconds
Platform modules already initialized, skipping
Refreshing native plugins compatible for Editor in 0.39 ms, found 1 plugins.
Preloading 0 native plugins for Editor in 0.00 ms.
Unloading 1820 Unused Serialized files (Serialized files now loaded: 0)
System memory in use before: 90.7 MB.
System memory in use after: 90.8 MB.

Unloading 8 unused Assets to reduce memory usage. Loaded Objects now: 2520.
Total: 2.280946 ms (FindLiveObjects: 0.190387 ms CreateObjectMapping: 0.047213 ms MarkObjects: 1.997670 ms  DeleteObjects: 0.015714 ms)

========================================================================
Received Prepare
Registering precompiled user dll's ...
Registered in 0.001182 seconds.
Begin MonoManager ReloadAssembly
Native extension for WindowsStandalone target not found
Refreshing native plugins compatible for Editor in 0.42 ms, found 1 plugins.
Preloading 0 native plugins for Editor in 0.01 ms.
Mono: successfully reloaded assembly
- Completed reload, in  1.837 seconds
Platform modules already initialized, skipping
Refreshing native plugins compatible for Editor in 0.43 ms, found 1 plugins.
Preloading 0 native plugins for Editor in 0.01 ms.
Unloading 1820 Unused Serialized files (Serialized files now loaded: 0)
System memory in use before: 90.7 MB.
System memory in use after: 90.8 MB.

Unloading 8 unused Assets to reduce memory usage. Loaded Objects now: 2523.
Total: 2.586083 ms (FindLiveObjects: 0.211549 ms CreateObjectMapping: 0.057619 ms MarkObjects: 2.232616 ms  DeleteObjects: 0.022768 ms)

========================================================================
Received Prepare
Registering precompiled user dll's ...
Registered in 0.001121 seconds.
Begin MonoManager ReloadAssembly
Native extension for WindowsStandalone target not found
Refreshing native plugins compatible for Editor in 0.41 ms, found 1 plugins.
Preloading 0 native plugins for Editor in 0.00 ms.
Mono: successfully reloaded assembly
- Completed reload, in  1.962 seconds
Platform modules already initialized, skipping
Refreshing native plugins compatible for Editor in 0.61 ms, found 1 plugins.
Preloading 0 native plugins for Editor in 0.01 ms.
Unloading 1820 Unused Serialized files (Serialized files now loaded: 0)
System memory in use before: 90.7 MB.
System memory in use after: 90.8 MB.

Unloading 8 unused Assets to reduce memory usage. Loaded Objects now: 2526.
Total: 3.202292 ms (FindLiveObjects: 0.234317 ms CreateObjectMapping: 0.381194 ms MarkObjects: 2.509467 ms  DeleteObjects: 0.027238 ms)

========================================================================
Received Prepare
Registering precompiled user dll's ...
Registered in 0.001347 seconds.
Begin MonoManager ReloadAssembly
Native extension for WindowsStandalone target not found
Refreshing native plugins compatible for Editor in 0.42 ms, found 1 plugins.
Preloading 0 native plugins for Editor in 0.00 ms.
Mono: successfully reloaded assembly
- Completed reload, in  1.609 seconds
Platform modules already initialized, skipping
Refreshing native plugins compatible for Editor in 0.39 ms, found 1 plugins.
Preloading 0 native plugins for Editor in 0.00 ms.
Unloading 1820 Unused Serialized files (Serialized files now loaded: 0)
System memory in use before: 90.7 MB.
System memory in use after: 90.8 MB.

Unloading 8 unused Assets to reduce memory usage. Loaded Objects now: 2529.
Total: 2.335283 ms (FindLiveObjects: 0.199117 ms CreateObjectMapping: 0.047073 ms MarkObjects: 2.055778 ms  DeleteObjects: 0.013689 ms)

========================================================================
Received Prepare
Registering precompiled user dll's ...
Registered in 0.001113 seconds.
Begin MonoManager ReloadAssembly
Native extension for WindowsStandalone target not found
Refreshing native plugins compatible for Editor in 0.42 ms, found 1 plugins.
Preloading 0 native plugins for Editor in 0.00 ms.
Mono: successfully reloaded assembly
- Completed reload, in  1.666 seconds
Platform modules already initialized, skipping
Refreshing native plugins compatible for Editor in 0.41 ms, found 1 plugins.
Preloading 0 native plugins for Editor in 0.00 ms.
Unloading 1820 Unused Serialized files (Serialized files now loaded: 0)
System memory in use before: 90.7 MB.
System memory in use after: 90.9 MB.

Unloading 8 unused Assets to reduce memory usage. Loaded Objects now: 2532.
Total: 2.684489 ms (FindLiveObjects: 0.196743 ms CreateObjectMapping: 0.054825 ms MarkObjects: 2.367759 ms  DeleteObjects: 0.024584 ms)

========================================================================
Received Prepare
Registering precompiled user dll's ...
Registered in 0.001103 seconds.
Begin MonoManager ReloadAssembly
Native extension for WindowsStandalone target not found
Refreshing native plugins compatible for Editor in 0.42 ms, found 1 plugins.
Preloading 0 native plugins for Editor in 0.01 ms.
Mono: successfully reloaded assembly
- Completed reload, in  1.754 seconds
Platform modules already initialized, skipping
Refreshing native plugins compatible for Editor in 0.66 ms, found 1 plugins.
Preloading 0 native plugins for Editor in 0.00 ms.
Unloading 1820 Unused Serialized files (Serialized files now loaded: 0)
System memory in use before: 90.7 MB.
System memory in use after: 90.9 MB.

Unloading 8 unused Assets to reduce memory usage. Loaded Objects now: 2535.
Total: 2.350089 ms (FindLiveObjects: 0.198140 ms CreateObjectMapping: 0.046724 ms MarkObjects: 2.061575 ms  DeleteObjects: 0.016483 ms)

========================================================================
Received Prepare
Registering precompiled user dll's ...
Registered in 0.001304 seconds.
Begin MonoManager ReloadAssembly
Native extension for WindowsStandalone target not found
Refreshing native plugins compatible for Editor in 0.42 ms, found 1 plugins.
Preloading 0 native plugins for Editor in 0.01 ms.
Mono: successfully reloaded assembly
- Completed reload, in  1.755 seconds
Platform modules already initialized, skipping
Refreshing native plugins compatible for Editor in 0.38 ms, found 1 plugins.
Preloading 0 native plugins for Editor in 0.00 ms.
Unloading 1820 Unused Serialized files (Serialized files now loaded: 0)
System memory in use before: 90.8 MB.
System memory in use after: 90.9 MB.

Unloading 8 unused Assets to reduce memory usage. Loaded Objects now: 2538.
Total: 2.417556 ms (FindLiveObjects: 0.197791 ms CreateObjectMapping: 0.056921 ms MarkObjects: 2.104807 ms  DeleteObjects: 0.015295 ms)

========================================================================
Received Prepare
Registering precompiled user dll's ...
Registered in 0.001066 seconds.
Begin MonoManager ReloadAssembly
Native extension for WindowsStandalone target not found
Refreshing native plugins compatible for Editor in 0.41 ms, found 1 plugins.
Preloading 0 native plugins for Editor in 0.00 ms.
Mono: successfully reloaded assembly
- Completed reload, in  1.636 seconds
Platform modules already initialized, skipping
Refreshing native plugins compatible for Editor in 0.41 ms, found 1 plugins.
Preloading 0 native plugins for Editor in 0.00 ms.
Unloading 1820 Unused Serialized files (Serialized files now loaded: 0)
System memory in use before: 90.8 MB.
System memory in use after: 90.9 MB.

Unloading 8 unused Assets to reduce memory usage. Loaded Objects now: 2541.
Total: 2.349530 ms (FindLiveObjects: 0.201422 ms CreateObjectMapping: 0.049448 ms MarkObjects: 2.045651 ms  DeleteObjects: 0.014737 ms)

AssetImportWorkerClient::OnTransportError - code=2 error=End of file
